<?xml version="1.0" encoding="UTF-8"?>
<robot generator="Robot 4.0.1 (Python 3.9.5 on win32)" generated="20210519 11:55:34.401" rpa="false" schemaversion="2">
<suite id="s1" name="Venda-Pdv" source="C:\VSCode\sikuliX\robot-sikuli-bug-backery\tests\venda-pdv.robot">
<test id="s1-t1" name="Vender um produto">
<kw name="Start Session" library="base" type="SETUP">
<kw name="Load Elements" library="base">
<kw name="Add Image Path" library="SikuliLibrary">
<arg>${EXECDIR}\\resources\\elements</arg>
<doc>Add image path</doc>
<msg timestamp="20210519 11:55:36.674" level="INFO">Params: [C:\VSCode\sikuliX\robot-sikuli-bug-backery\resources\elements]</msg>
<status status="PASS" starttime="20210519 11:55:36.663" endtime="20210519 11:55:36.674"/>
</kw>
<status status="PASS" starttime="20210519 11:55:36.662" endtime="20210519 11:55:36.674"/>
</kw>
<kw name="Click" library="SikuliLibrary">
<arg>ico-app.png</arg>
<doc>Click</doc>
<msg timestamp="20210519 11:55:38.349" level="INFO">Params: [ico-app.png]</msg>
<msg timestamp="20210519 11:55:38.349" level="INFO" html="true">&lt;img src='sikuli_captured/sikuliximage-1621436137590.png'/&gt;
[log] CLICK on L[1264,1055]@S(0) (545 msec)</msg>
<status status="PASS" starttime="20210519 11:55:36.675" endtime="20210519 11:55:38.349"/>
</kw>
<status status="PASS" starttime="20210519 11:55:36.662" endtime="20210519 11:55:38.349"/>
</kw>
<kw name="Abrir PDV">
<kw name="Click" library="SikuliLibrary">
<arg>menu-vendas.png</arg>
<doc>Click</doc>
<msg timestamp="20210519 11:55:39.684" level="INFO">Params: [menu-vendas.png]</msg>
<msg timestamp="20210519 11:55:39.684" level="INFO" html="true">&lt;img src='sikuli_captured/sikuliximage-1621436138922.png'/&gt;
[log] CLICK on L[210,43]@S(0) (563 msec)</msg>
<status status="PASS" starttime="20210519 11:55:38.351" endtime="20210519 11:55:39.684"/>
</kw>
<status status="PASS" starttime="20210519 11:55:38.351" endtime="20210519 11:55:39.684"/>
</kw>
<kw name="Selecionar o Funcionário">
<arg>func-papito</arg>
<kw name="Press Special Key" library="SikuliLibrary">
<arg>F1</arg>
<doc>Press special key
 Presses a special keyboard key.</doc>
<msg timestamp="20210519 11:55:39.779" level="INFO">Params: [F1]
[log]  TYPE "#F1."</msg>
<status status="PASS" starttime="20210519 11:55:39.685" endtime="20210519 11:55:39.779"/>
</kw>
<kw name="Double Click" library="SikuliLibrary">
<arg>${funcionário}.png</arg>
<doc>Double click</doc>
<msg timestamp="20210519 11:55:41.140" level="INFO">Params: [func-papito.png]</msg>
<msg timestamp="20210519 11:55:41.140" level="INFO" html="true">&lt;img src='sikuli_captured/sikuliximage-1621436140347.png'/&gt;
[log] DOUBLE CLICK on L[873,475]@S(0) (588 msec)</msg>
<status status="PASS" starttime="20210519 11:55:39.779" endtime="20210519 11:55:41.141"/>
</kw>
<status status="PASS" starttime="20210519 11:55:39.684" endtime="20210519 11:55:41.141"/>
</kw>
<kw name="Adicionar um Produto">
<arg>item-coxinha</arg>
<arg>1</arg>
<kw name="Press Special Key" library="SikuliLibrary">
<arg>F3</arg>
<doc>Press special key
 Presses a special keyboard key.</doc>
<msg timestamp="20210519 11:55:41.217" level="INFO">Params: [F3]
[log]  TYPE "#F3."</msg>
<status status="PASS" starttime="20210519 11:55:41.142" endtime="20210519 11:55:41.217"/>
</kw>
<kw name="Double Click" library="SikuliLibrary">
<arg>${produto}</arg>
<doc>Double click</doc>
<msg timestamp="20210519 11:55:42.283" level="INFO">Params: [item-coxinha]</msg>
<msg timestamp="20210519 11:55:42.283" level="INFO" html="true">&lt;img src='sikuli_captured/sikuliximage-1621436141471.png'/&gt;
[log] DOUBLE CLICK on L[884,555]@S(0) (581 msec)</msg>
<status status="PASS" starttime="20210519 11:55:41.217" endtime="20210519 11:55:42.283"/>
</kw>
<kw name="Input Text" library="SikuliLibrary">
<arg>campo-qtd.png</arg>
<arg>${qtd}</arg>
<doc>Input text
 Image could be empty</doc>
<msg timestamp="20210519 11:55:43.314" level="INFO">Params: [campo-qtd.png, 1]
Input Text:
1</msg>
<msg timestamp="20210519 11:55:43.314" level="INFO" html="true">&lt;img src='sikuli_captured/sikuliximage-1621436142503.png'/&gt;
[log] CLICK on L[695,342]@S(0) (532 msec)
[log]  TYPE "1"</msg>
<status status="PASS" starttime="20210519 11:55:42.283" endtime="20210519 11:55:43.314"/>
</kw>
<kw name="Press Special Key" library="SikuliLibrary">
<arg>ENTER</arg>
<doc>Press special key
 Presses a special keyboard key.</doc>
<msg timestamp="20210519 11:55:43.392" level="INFO">Params: [ENTER]
[log]  TYPE "#ENTER."</msg>
<status status="PASS" starttime="20210519 11:55:43.314" endtime="20210519 11:55:43.392"/>
</kw>
<status status="PASS" starttime="20210519 11:55:41.142" endtime="20210519 11:55:43.392"/>
</kw>
<kw name="Adicionar um Produto">
<arg>item-coca</arg>
<arg>1</arg>
<kw name="Press Special Key" library="SikuliLibrary">
<arg>F3</arg>
<doc>Press special key
 Presses a special keyboard key.</doc>
<msg timestamp="20210519 11:55:43.470" level="INFO">Params: [F3]
[log]  TYPE "#F3."</msg>
<status status="PASS" starttime="20210519 11:55:43.393" endtime="20210519 11:55:43.470"/>
</kw>
<kw name="Double Click" library="SikuliLibrary">
<arg>${produto}</arg>
<doc>Double click</doc>
<msg timestamp="20210519 11:55:44.926" level="INFO">Params: [item-coca]</msg>
<msg timestamp="20210519 11:55:44.926" level="INFO" html="true">&lt;img src='sikuli_captured/sikuliximage-1621436144082.png'/&gt;
[log] DOUBLE CLICK on L[884,527]@S(0) (588 msec)</msg>
<status status="PASS" starttime="20210519 11:55:43.470" endtime="20210519 11:55:44.926"/>
</kw>
<kw name="Input Text" library="SikuliLibrary">
<arg>campo-qtd.png</arg>
<arg>${qtd}</arg>
<doc>Input text
 Image could be empty</doc>
<msg timestamp="20210519 11:55:46.317" level="INFO">Params: [campo-qtd.png, 1]
Input Text:
1</msg>
<msg timestamp="20210519 11:55:46.317" level="INFO" html="true">&lt;img src='sikuli_captured/sikuliximage-1621436145506.png'/&gt;
[log] CLICK on L[695,342]@S(0) (537 msec)
[log]  TYPE "1"</msg>
<status status="PASS" starttime="20210519 11:55:44.926" endtime="20210519 11:55:46.317"/>
</kw>
<kw name="Press Special Key" library="SikuliLibrary">
<arg>ENTER</arg>
<doc>Press special key
 Presses a special keyboard key.</doc>
<msg timestamp="20210519 11:55:46.393" level="INFO">Params: [ENTER]
[log]  TYPE "#ENTER."</msg>
<status status="PASS" starttime="20210519 11:55:46.317" endtime="20210519 11:55:46.393"/>
</kw>
<status status="PASS" starttime="20210519 11:55:43.393" endtime="20210519 11:55:46.393"/>
</kw>
<kw name="Finalizar a Venda">
<kw name="Press Special Key" library="SikuliLibrary">
<arg>F6</arg>
<doc>Press special key
 Presses a special keyboard key.</doc>
<msg timestamp="20210519 11:55:46.456" level="INFO">Params: [F6]
[log]  TYPE "#F6."</msg>
<status status="PASS" starttime="20210519 11:55:46.394" endtime="20210519 11:55:46.456"/>
</kw>
<status status="PASS" starttime="20210519 11:55:46.394" endtime="20210519 11:55:46.456"/>
</kw>
<kw name="Finalize Test" library="base" type="TEARDOWN">
<kw name="Capture Screen" library="SikuliLibrary">
<doc>Capture whole screen, file name is returned</doc>
<msg timestamp="20210519 11:55:47.741" level="INFO">Params: []</msg>
<msg timestamp="20210519 11:55:47.741" level="INFO" html="true">&lt;img src='sikuli_captured/sikuliximage-1621436146518.png'/&gt;</msg>
<status status="PASS" starttime="20210519 11:55:46.457" endtime="20210519 11:55:47.741"/>
</kw>
<kw name="Close Application" library="SikuliLibrary">
<arg>BugBakery</arg>
<doc>Close application</doc>
<msg timestamp="20210519 11:55:48.876" level="INFO">Params: [BugBakery]</msg>
<status status="PASS" starttime="20210519 11:55:47.741" endtime="20210519 11:55:48.876"/>
</kw>
<status status="PASS" starttime="20210519 11:55:46.457" endtime="20210519 11:55:48.876"/>
</kw>
<status status="PASS" starttime="20210519 11:55:36.662" endtime="20210519 11:55:48.877"/>
</test>
<kw name="End Session" library="base" type="TEARDOWN">
<kw name="Stop Remote Server" library="SikuliLibrary">
<doc>Stops the remote server.</doc>
<msg timestamp="20210519 11:55:48.882" level="INFO">Robot Framework remote server stopping</msg>
<status status="PASS" starttime="20210519 11:55:48.879" endtime="20210519 11:55:48.882"/>
</kw>
<status status="PASS" starttime="20210519 11:55:48.879" endtime="20210519 11:55:48.882"/>
</kw>
<doc>Suite de teste de venda no PDV</doc>
<status status="PASS" starttime="20210519 11:55:34.402" endtime="20210519 11:55:48.882"/>
</suite>
<statistics>
<total>
<stat pass="1" fail="0" skip="0">All Tests</stat>
</total>
<tag>
</tag>
<suite>
<stat pass="1" fail="0" skip="0" id="s1" name="Venda-Pdv">Venda-Pdv</stat>
</suite>
</statistics>
<errors>
</errors>
</robot>
